The target system is: Linux -  - armv7ahf-vfpv4d16-openbmc
The host system is: Linux - 5.4.0-148-generic - x86_64
Compiling the CXX compiler identification source file "CMakeCXXCompilerId.cpp" succeeded.
Compiler: /home/keti/KETI_BMC/KETI-APP/sysroots/x86_64-oesdk-linux/usr/bin/arm-openbmc-linux-gnueabi/arm-openbmc-linux-gnueabi-g++ -march=armv7-a;-mfpu=vfpv4-d16;-mfloat-abi=hard;--sysroot=/home/keti/KETI_BMC/KETI-APP/sysroots/armv7ahf-vfpv4d16-openbmc-linux-gnueabi
Build flags: ;-O2;-pipe;-g;-feliminate-unused-debug-types;
Id flags:  

The output was:
0


Compilation of the CXX compiler identification source "CMakeCXXCompilerId.cpp" produced "a.out"

The CXX compiler identification is GNU, found in "/home/keti/KETI_BMC/KETI-APP/app/energy/CMakeFiles/3.21.1/CompilerIdCXX/a.out"

Detecting CXX compiler ABI info compiled with the following output:
Change Dir: /home/keti/KETI_BMC/KETI-APP/app/energy/CMakeFiles/CMakeTmp

Run Build Command(s):/usr/bin/make -f Makefile cmTC_7357a/fast && /usr/bin/make  -f CMakeFiles/cmTC_7357a.dir/build.make CMakeFiles/cmTC_7357a.dir/build
make[1]: Entering directory '/home/keti/KETI_BMC/KETI-APP/app/energy/CMakeFiles/CMakeTmp'
Building CXX object CMakeFiles/cmTC_7357a.dir/CMakeCXXCompilerABI.cpp.o
/home/keti/KETI_BMC/KETI-APP/sysroots/x86_64-oesdk-linux/usr/bin/arm-openbmc-linux-gnueabi/arm-openbmc-linux-gnueabi-g++   -march=armv7-a -mfpu=vfpv4-d16 -mfloat-abi=hard  --sysroot=/home/keti/KETI_BMC/KETI-APP/sysroots/armv7ahf-vfpv4d16-openbmc-linux-gnueabi --sysroot=/home/keti/KETI_BMC/KETI-APP/sysroots/armv7ahf-vfpv4d16-openbmc-linux-gnueabi   -O2 -pipe -g -feliminate-unused-debug-types     -v -o CMakeFiles/cmTC_7357a.dir/CMakeCXXCompilerABI.cpp.o -c /home/keti/KETI_BMC/KETI-APP/sysroots/x86_64-oesdk-linux/usr/share/cmake-3.21/Modules/CMakeCXXCompilerABI.cpp
Using built-in specs.
COLLECT_GCC=/home/keti/KETI_BMC/KETI-APP/sysroots/x86_64-oesdk-linux/usr/bin/arm-openbmc-linux-gnueabi/arm-openbmc-linux-gnueabi-g++
Target: arm-openbmc-linux-gnueabi
Configured with: ../../../../../../work-shared/gcc-11.2.0-r0/gcc-11.2.0/configure --build=x86_64-linux --host=x86_64-oesdk-linux --target=arm-openbmc-linux-gnueabi --prefix=/usr/local/oe-sdk-hardcoded-buildpath/sysroots/x86_64-oesdk-linux/usr --exec_prefix=/usr/local/oe-sdk-hardcoded-buildpath/sysroots/x86_64-oesdk-linux/usr --bindir=/usr/local/oe-sdk-hardcoded-buildpath/sysroots/x86_64-oesdk-linux/usr/bin/arm-openbmc-linux-gnueabi --sbindir=/usr/local/oe-sdk-hardcoded-buildpath/sysroots/x86_64-oesdk-linux/usr/bin/arm-openbmc-linux-gnueabi --libexecdir=/usr/local/oe-sdk-hardcoded-buildpath/sysroots/x86_64-oesdk-linux/usr/libexec/arm-openbmc-linux-gnueabi --datadir=/usr/local/oe-sdk-hardcoded-buildpath/sysroots/x86_64-oesdk-linux/usr/share --sysconfdir=/usr/local/oe-sdk-hardcoded-buildpath/sysroots/x86_64-oesdk-linux/etc --sharedstatedir=/usr/local/oe-sdk-hardcoded-buildpath/sysroots/x86_64-oesdk-linux/com --localstatedir=/usr/local/oe-sdk-hardcoded-buildpath/sysroots/x86_64-oesdk-linux/var --libdir=/usr/local/oe-sdk-hardcoded-buildpath/sysroots/x86_64-oesdk-linux/usr/lib/arm-openbmc-linux-gnueabi --includedir=/usr/local/oe-sdk-hardcoded-buildpath/sysroots/x86_64-oesdk-linux/usr/include --oldincludedir=/usr/local/oe-sdk-hardcoded-buildpath/sysroots/x86_64-oesdk-linux/usr/include --infodir=/usr/local/oe-sdk-hardcoded-buildpath/sysroots/x86_64-oesdk-linux/usr/share/info --mandir=/usr/local/oe-sdk-hardcoded-buildpath/sysroots/x86_64-oesdk-linux/usr/share/man --disable-silent-rules --disable-dependency-tracking --with-libtool-sysroot=/home/keti/ServerBMC_V3.01/build/archercity/tmp/work/x86_64-nativesdk-oesdk-linux/gcc-cross-canadian-arm/11.2.0-r0/recipe-sysroot --with-gnu-ld --enable-shared --enable-languages=c,c++ --enable-threads=posix --enable-multilib --enable-default-pie --enable-c99 --enable-long-long --enable-symvers=gnu --enable-libstdcxx-pch --program-prefix=arm-openbmc-linux-gnueabi- --without-local-prefix --disable-install-libiberty --disable-libssp --enable-libitm --enable-lto --disable-bootstrap --with-system-zlib --with-linker-hash-style=gnu --enable-linker-build-id --with-ppl=no --with-cloog=no --enable-checking=release --enable-cheaders=c_global --without-isl --with-gxx-include-dir=/not/exist/usr/include/c++/11.2.0 --with-build-time-tools=/home/keti/ServerBMC_V3.01/build/archercity/tmp/work/x86_64-nativesdk-oesdk-linux/gcc-cross-canadian-arm/11.2.0-r0/recipe-sysroot-native/usr/arm-openbmc-linux-gnueabi/bin --with-sysroot=/not/exist --with-build-sysroot=/home/keti/ServerBMC_V3.01/build/archercity/tmp/work/x86_64-nativesdk-oesdk-linux/gcc-cross-canadian-arm/11.2.0-r0/recipe-sysroot --enable-standard-branch-protection --enable-poison-system-directories --disable-static --enable-nls --with-glibc-version=2.28 --enable-initfini-array
Thread model: posix
Supported LTO compression algorithms: zlib
gcc version 11.2.0 (GCC) 
COLLECT_GCC_OPTIONS='--sysroot=/home/keti/KETI_BMC/KETI-APP/sysroots/armv7ahf-vfpv4d16-openbmc-linux-gnueabi'  '-mfpu=vfpv4-d16' '-mfloat-abi=hard' '-O2' '-pipe' '-g' '-feliminate-unused-debug-types' '-v' '-o' 'CMakeFiles/cmTC_7357a.dir/CMakeCXXCompilerABI.cpp.o' '-c' '-shared-libgcc' '-mtls-dialect=gnu' '-marm' '-mlibarch=armv7-a+vfpv4-d16' '-march=armv7-a+vfpv4-d16' '-dumpdir' 'CMakeFiles/cmTC_7357a.dir/'
 /home/keti/KETI_BMC/KETI-APP/sysroots/x86_64-oesdk-linux/usr/libexec/arm-openbmc-linux-gnueabi/gcc/arm-openbmc-linux-gnueabi/11.2.0/cc1plus -quiet -v -isysroot /home/keti/KETI_BMC/KETI-APP/sysroots/armv7ahf-vfpv4d16-openbmc-linux-gnueabi -D_GNU_SOURCE /home/keti/KETI_BMC/KETI-APP/sysroots/x86_64-oesdk-linux/usr/share/cmake-3.21/Modules/CMakeCXXCompilerABI.cpp -quiet -dumpdir CMakeFiles/cmTC_7357a.dir/ -dumpbase CMakeCXXCompilerABI.cpp.cpp -dumpbase-ext .cpp -mfpu=vfpv4-d16 -mfloat-abi=hard -mtls-dialect=gnu -marm -mlibarch=armv7-a+vfpv4-d16 -march=armv7-a+vfpv4-d16 -g -O2 -version -feliminate-unused-debug-types -o - |
 /home/keti/KETI_BMC/KETI-APP/sysroots/x86_64-oesdk-linux/usr/libexec/arm-openbmc-linux-gnueabi/gcc/arm-openbmc-linux-gnueabi/11.2.0/as -v -march=armv7-a -mfloat-abi=hard -mfpu=vfpv4-d16 -meabi=5 -o CMakeFiles/cmTC_7357a.dir/CMakeCXXCompilerABI.cpp.o
GNU assembler version 2.37 (arm-openbmc-linux-gnueabi) using BFD version (GNU Binutils) 2.37.20210721
GNU C++17 (GCC) version 11.2.0 (arm-openbmc-linux-gnueabi)
	compiled by GNU C version 11.2.0, GMP version 6.2.1, MPFR version 4.1.0, MPC version 1.2.1, isl version none
GGC heuristics: --param ggc-min-expand=100 --param ggc-min-heapsize=131072
ignoring nonexistent directory "/home/keti/KETI_BMC/KETI-APP/sysroots/armv7ahf-vfpv4d16-openbmc-linux-gnueabi/usr/lib/arm-openbmc-linux-gnueabi/11.2.0/include"
ignoring nonexistent directory "/home/keti/KETI_BMC/KETI-APP/sysroots/armv7ahf-vfpv4d16-openbmc-linux-gnueabi/usr/local/include"
ignoring nonexistent directory "/home/keti/KETI_BMC/KETI-APP/sysroots/x86_64-oesdk-linux/usr/lib/arm-openbmc-linux-gnueabi/gcc/arm-openbmc-linux-gnueabi/11.2.0/../../../../../arm-openbmc-linux-gnueabi/include"
#include "..." search starts here:
#include <...> search starts here:
 /home/keti/KETI_BMC/KETI-APP/sysroots/armv7ahf-vfpv4d16-openbmc-linux-gnueabi/usr/include/c++/11.2.0
 /home/keti/KETI_BMC/KETI-APP/sysroots/armv7ahf-vfpv4d16-openbmc-linux-gnueabi/usr/include/c++/11.2.0/arm-openbmc-linux-gnueabi
 /home/keti/KETI_BMC/KETI-APP/sysroots/armv7ahf-vfpv4d16-openbmc-linux-gnueabi/usr/include/c++/11.2.0/backward
 /home/keti/KETI_BMC/KETI-APP/sysroots/x86_64-oesdk-linux/usr/lib/arm-openbmc-linux-gnueabi/gcc/arm-openbmc-linux-gnueabi/11.2.0/include
 /home/keti/KETI_BMC/KETI-APP/sysroots/x86_64-oesdk-linux/usr/lib/arm-openbmc-linux-gnueabi/gcc/arm-openbmc-linux-gnueabi/11.2.0/include-fixed
 /home/keti/KETI_BMC/KETI-APP/sysroots/armv7ahf-vfpv4d16-openbmc-linux-gnueabi/usr/include/
End of search list.
GNU C++17 (GCC) version 11.2.0 (arm-openbmc-linux-gnueabi)
	compiled by GNU C version 11.2.0, GMP version 6.2.1, MPFR version 4.1.0, MPC version 1.2.1, isl version none
GGC heuristics: --param ggc-min-expand=100 --param ggc-min-heapsize=131072
Compiler executable checksum: 4b43e12215f177bb37fdb430382f5fbc
COMPILER_PATH=/home/keti/KETI_BMC/KETI-APP/sysroots/x86_64-oesdk-linux/usr/libexec/arm-openbmc-linux-gnueabi/gcc/arm-openbmc-linux-gnueabi/11.2.0/:/home/keti/KETI_BMC/KETI-APP/sysroots/x86_64-oesdk-linux/usr/libexec/arm-openbmc-linux-gnueabi/gcc/arm-openbmc-linux-gnueabi/11.2.0/:/home/keti/KETI_BMC/KETI-APP/sysroots/x86_64-oesdk-linux/usr/libexec/arm-openbmc-linux-gnueabi/gcc/arm-openbmc-linux-gnueabi/:/home/keti/KETI_BMC/KETI-APP/sysroots/x86_64-oesdk-linux/usr/lib/arm-openbmc-linux-gnueabi/gcc/arm-openbmc-linux-gnueabi/11.2.0/:/home/keti/KETI_BMC/KETI-APP/sysroots/x86_64-oesdk-linux/usr/lib/arm-openbmc-linux-gnueabi/gcc/arm-openbmc-linux-gnueabi/
LIBRARY_PATH=/home/keti/KETI_BMC/KETI-APP/sysroots/x86_64-oesdk-linux/usr/lib/arm-openbmc-linux-gnueabi/gcc/arm-openbmc-linux-gnueabi/11.2.0/:/home/keti/KETI_BMC/KETI-APP/sysroots/armv7ahf-vfpv4d16-openbmc-linux-gnueabi/lib/:/home/keti/KETI_BMC/KETI-APP/sysroots/armv7ahf-vfpv4d16-openbmc-linux-gnueabi/usr/lib/arm-openbmc-linux-gnueabi/11.2.0/:/home/keti/KETI_BMC/KETI-APP/sysroots/armv7ahf-vfpv4d16-openbmc-linux-gnueabi/usr/lib/
COLLECT_GCC_OPTIONS='--sysroot=/home/keti/KETI_BMC/KETI-APP/sysroots/armv7ahf-vfpv4d16-openbmc-linux-gnueabi'  '-mfpu=vfpv4-d16' '-mfloat-abi=hard' '-O2' '-pipe' '-g' '-feliminate-unused-debug-types' '-v' '-o' 'CMakeFiles/cmTC_7357a.dir/CMakeCXXCompilerABI.cpp.o' '-c' '-shared-libgcc' '-mtls-dialect=gnu' '-marm' '-mlibarch=armv7-a+vfpv4-d16' '-march=armv7-a+vfpv4-d16' '-dumpdir' 'CMakeFiles/cmTC_7357a.dir/CMakeCXXCompilerABI.cpp.'
Linking CXX executable cmTC_7357a
/home/keti/KETI_BMC/KETI-APP/sysroots/x86_64-oesdk-linux/usr/bin/cmake -E cmake_link_script CMakeFiles/cmTC_7357a.dir/link.txt --verbose=1
/home/keti/KETI_BMC/KETI-APP/sysroots/x86_64-oesdk-linux/usr/bin/arm-openbmc-linux-gnueabi/arm-openbmc-linux-gnueabi-g++   -march=armv7-a -mfpu=vfpv4-d16 -mfloat-abi=hard  --sysroot=/home/keti/KETI_BMC/KETI-APP/sysroots/armv7ahf-vfpv4d16-openbmc-linux-gnueabi --sysroot=/home/keti/KETI_BMC/KETI-APP/sysroots/armv7ahf-vfpv4d16-openbmc-linux-gnueabi  -O2 -pipe -g -feliminate-unused-debug-types   -Wl,-O1 -Wl,--hash-style=gnu -Wl,--as-needed  -Wl,-z,relro,-z,now -v CMakeFiles/cmTC_7357a.dir/CMakeCXXCompilerABI.cpp.o -o cmTC_7357a 
Using built-in specs.
COLLECT_GCC=/home/keti/KETI_BMC/KETI-APP/sysroots/x86_64-oesdk-linux/usr/bin/arm-openbmc-linux-gnueabi/arm-openbmc-linux-gnueabi-g++
COLLECT_LTO_WRAPPER=/home/keti/KETI_BMC/KETI-APP/sysroots/x86_64-oesdk-linux/usr/libexec/arm-openbmc-linux-gnueabi/gcc/arm-openbmc-linux-gnueabi/11.2.0/lto-wrapper
Target: arm-openbmc-linux-gnueabi
Configured with: ../../../../../../work-shared/gcc-11.2.0-r0/gcc-11.2.0/configure --build=x86_64-linux --host=x86_64-oesdk-linux --target=arm-openbmc-linux-gnueabi --prefix=/usr/local/oe-sdk-hardcoded-buildpath/sysroots/x86_64-oesdk-linux/usr --exec_prefix=/usr/local/oe-sdk-hardcoded-buildpath/sysroots/x86_64-oesdk-linux/usr --bindir=/usr/local/oe-sdk-hardcoded-buildpath/sysroots/x86_64-oesdk-linux/usr/bin/arm-openbmc-linux-gnueabi --sbindir=/usr/local/oe-sdk-hardcoded-buildpath/sysroots/x86_64-oesdk-linux/usr/bin/arm-openbmc-linux-gnueabi --libexecdir=/usr/local/oe-sdk-hardcoded-buildpath/sysroots/x86_64-oesdk-linux/usr/libexec/arm-openbmc-linux-gnueabi --datadir=/usr/local/oe-sdk-hardcoded-buildpath/sysroots/x86_64-oesdk-linux/usr/share --sysconfdir=/usr/local/oe-sdk-hardcoded-buildpath/sysroots/x86_64-oesdk-linux/etc --sharedstatedir=/usr/local/oe-sdk-hardcoded-buildpath/sysroots/x86_64-oesdk-linux/com --localstatedir=/usr/local/oe-sdk-hardcoded-buildpath/sysroots/x86_64-oesdk-linux/var --libdir=/usr/local/oe-sdk-hardcoded-buildpath/sysroots/x86_64-oesdk-linux/usr/lib/arm-openbmc-linux-gnueabi --includedir=/usr/local/oe-sdk-hardcoded-buildpath/sysroots/x86_64-oesdk-linux/usr/include --oldincludedir=/usr/local/oe-sdk-hardcoded-buildpath/sysroots/x86_64-oesdk-linux/usr/include --infodir=/usr/local/oe-sdk-hardcoded-buildpath/sysroots/x86_64-oesdk-linux/usr/share/info --mandir=/usr/local/oe-sdk-hardcoded-buildpath/sysroots/x86_64-oesdk-linux/usr/share/man --disable-silent-rules --disable-dependency-tracking --with-libtool-sysroot=/home/keti/ServerBMC_V3.01/build/archercity/tmp/work/x86_64-nativesdk-oesdk-linux/gcc-cross-canadian-arm/11.2.0-r0/recipe-sysroot --with-gnu-ld --enable-shared --enable-languages=c,c++ --enable-threads=posix --enable-multilib --enable-default-pie --enable-c99 --enable-long-long --enable-symvers=gnu --enable-libstdcxx-pch --program-prefix=arm-openbmc-linux-gnueabi- --without-local-prefix --disable-install-libiberty --disable-libssp --enable-libitm --enable-lto --disable-bootstrap --with-system-zlib --with-linker-hash-style=gnu --enable-linker-build-id --with-ppl=no --with-cloog=no --enable-checking=release --enable-cheaders=c_global --without-isl --with-gxx-include-dir=/not/exist/usr/include/c++/11.2.0 --with-build-time-tools=/home/keti/ServerBMC_V3.01/build/archercity/tmp/work/x86_64-nativesdk-oesdk-linux/gcc-cross-canadian-arm/11.2.0-r0/recipe-sysroot-native/usr/arm-openbmc-linux-gnueabi/bin --with-sysroot=/not/exist --with-build-sysroot=/home/keti/ServerBMC_V3.01/build/archercity/tmp/work/x86_64-nativesdk-oesdk-linux/gcc-cross-canadian-arm/11.2.0-r0/recipe-sysroot --enable-standard-branch-protection --enable-poison-system-directories --disable-static --enable-nls --with-glibc-version=2.28 --enable-initfini-array
Thread model: posix
Supported LTO compression algorithms: zlib
gcc version 11.2.0 (GCC) 
COMPILER_PATH=/home/keti/KETI_BMC/KETI-APP/sysroots/x86_64-oesdk-linux/usr/libexec/arm-openbmc-linux-gnueabi/gcc/arm-openbmc-linux-gnueabi/11.2.0/:/home/keti/KETI_BMC/KETI-APP/sysroots/x86_64-oesdk-linux/usr/libexec/arm-openbmc-linux-gnueabi/gcc/arm-openbmc-linux-gnueabi/11.2.0/:/home/keti/KETI_BMC/KETI-APP/sysroots/x86_64-oesdk-linux/usr/libexec/arm-openbmc-linux-gnueabi/gcc/arm-openbmc-linux-gnueabi/:/home/keti/KETI_BMC/KETI-APP/sysroots/x86_64-oesdk-linux/usr/lib/arm-openbmc-linux-gnueabi/gcc/arm-openbmc-linux-gnueabi/11.2.0/:/home/keti/KETI_BMC/KETI-APP/sysroots/x86_64-oesdk-linux/usr/lib/arm-openbmc-linux-gnueabi/gcc/arm-openbmc-linux-gnueabi/
LIBRARY_PATH=/home/keti/KETI_BMC/KETI-APP/sysroots/x86_64-oesdk-linux/usr/lib/arm-openbmc-linux-gnueabi/gcc/arm-openbmc-linux-gnueabi/11.2.0/:/home/keti/KETI_BMC/KETI-APP/sysroots/armv7ahf-vfpv4d16-openbmc-linux-gnueabi/lib/:/home/keti/KETI_BMC/KETI-APP/sysroots/armv7ahf-vfpv4d16-openbmc-linux-gnueabi/usr/lib/arm-openbmc-linux-gnueabi/11.2.0/:/home/keti/KETI_BMC/KETI-APP/sysroots/armv7ahf-vfpv4d16-openbmc-linux-gnueabi/usr/lib/
COLLECT_GCC_OPTIONS='--sysroot=/home/keti/KETI_BMC/KETI-APP/sysroots/armv7ahf-vfpv4d16-openbmc-linux-gnueabi'  '-mfpu=vfpv4-d16' '-mfloat-abi=hard' '-O2' '-pipe' '-g' '-feliminate-unused-debug-types' '-v' '-o' 'cmTC_7357a' '-shared-libgcc' '-mtls-dialect=gnu' '-marm' '-mlibarch=armv7-a+vfpv4-d16' '-march=armv7-a+vfpv4-d16' '-dumpdir' 'cmTC_7357a.'
 /home/keti/KETI_BMC/KETI-APP/sysroots/x86_64-oesdk-linux/usr/libexec/arm-openbmc-linux-gnueabi/gcc/arm-openbmc-linux-gnueabi/11.2.0/collect2 -plugin /home/keti/KETI_BMC/KETI-APP/sysroots/x86_64-oesdk-linux/usr/libexec/arm-openbmc-linux-gnueabi/gcc/arm-openbmc-linux-gnueabi/11.2.0/liblto_plugin.so -plugin-opt=/home/keti/KETI_BMC/KETI-APP/sysroots/x86_64-oesdk-linux/usr/libexec/arm-openbmc-linux-gnueabi/gcc/arm-openbmc-linux-gnueabi/11.2.0/lto-wrapper -plugin-opt=-fresolution=/tmp/ccUP5SCy.res -plugin-opt=-pass-through=-lgcc_s -plugin-opt=-pass-through=-lgcc -plugin-opt=-pass-through=-lc -plugin-opt=-pass-through=-lgcc_s -plugin-opt=-pass-through=-lgcc --sysroot=/home/keti/KETI_BMC/KETI-APP/sysroots/armv7ahf-vfpv4d16-openbmc-linux-gnueabi --build-id --eh-frame-hdr --hash-style=gnu -dynamic-linker /lib/ld-linux-armhf.so.3 -X -m armelf_linux_eabi -pie -o cmTC_7357a /home/keti/KETI_BMC/KETI-APP/sysroots/armv7ahf-vfpv4d16-openbmc-linux-gnueabi/usr/lib/Scrt1.o /home/keti/KETI_BMC/KETI-APP/sysroots/armv7ahf-vfpv4d16-openbmc-linux-gnueabi/usr/lib/crti.o /home/keti/KETI_BMC/KETI-APP/sysroots/armv7ahf-vfpv4d16-openbmc-linux-gnueabi/usr/lib/arm-openbmc-linux-gnueabi/11.2.0/crtbeginS.o -L/home/keti/KETI_BMC/KETI-APP/sysroots/x86_64-oesdk-linux/usr/lib/arm-openbmc-linux-gnueabi/gcc/arm-openbmc-linux-gnueabi/11.2.0 -L/home/keti/KETI_BMC/KETI-APP/sysroots/armv7ahf-vfpv4d16-openbmc-linux-gnueabi/lib -L/home/keti/KETI_BMC/KETI-APP/sysroots/armv7ahf-vfpv4d16-openbmc-linux-gnueabi/usr/lib/arm-openbmc-linux-gnueabi/11.2.0 -L/home/keti/KETI_BMC/KETI-APP/sysroots/armv7ahf-vfpv4d16-openbmc-linux-gnueabi/usr/lib -O1 --hash-style=gnu --as-needed -z relro -z now CMakeFiles/cmTC_7357a.dir/CMakeCXXCompilerABI.cpp.o -lstdc++ -lm -lgcc_s -lgcc -lc -lgcc_s -lgcc /home/keti/KETI_BMC/KETI-APP/sysroots/armv7ahf-vfpv4d16-openbmc-linux-gnueabi/usr/lib/arm-openbmc-linux-gnueabi/11.2.0/crtendS.o /home/keti/KETI_BMC/KETI-APP/sysroots/armv7ahf-vfpv4d16-openbmc-linux-gnueabi/usr/lib/crtn.o
COLLECT_GCC_OPTIONS='--sysroot=/home/keti/KETI_BMC/KETI-APP/sysroots/armv7ahf-vfpv4d16-openbmc-linux-gnueabi'  '-mfpu=vfpv4-d16' '-mfloat-abi=hard' '-O2' '-pipe' '-g' '-feliminate-unused-debug-types' '-v' '-o' 'cmTC_7357a' '-shared-libgcc' '-mtls-dialect=gnu' '-marm' '-mlibarch=armv7-a+vfpv4-d16' '-march=armv7-a+vfpv4-d16' '-dumpdir' 'cmTC_7357a.'
make[1]: Leaving directory '/home/keti/KETI_BMC/KETI-APP/app/energy/CMakeFiles/CMakeTmp'



Parsed CXX implicit include dir info from above output: rv=done
  found start of include info
  found start of implicit include info
    add: [/home/keti/KETI_BMC/KETI-APP/sysroots/armv7ahf-vfpv4d16-openbmc-linux-gnueabi/usr/include/c++/11.2.0]
    add: [/home/keti/KETI_BMC/KETI-APP/sysroots/armv7ahf-vfpv4d16-openbmc-linux-gnueabi/usr/include/c++/11.2.0/arm-openbmc-linux-gnueabi]
    add: [/home/keti/KETI_BMC/KETI-APP/sysroots/armv7ahf-vfpv4d16-openbmc-linux-gnueabi/usr/include/c++/11.2.0/backward]
    add: [/home/keti/KETI_BMC/KETI-APP/sysroots/x86_64-oesdk-linux/usr/lib/arm-openbmc-linux-gnueabi/gcc/arm-openbmc-linux-gnueabi/11.2.0/include]
    add: [/home/keti/KETI_BMC/KETI-APP/sysroots/x86_64-oesdk-linux/usr/lib/arm-openbmc-linux-gnueabi/gcc/arm-openbmc-linux-gnueabi/11.2.0/include-fixed]
    add: [/home/keti/KETI_BMC/KETI-APP/sysroots/armv7ahf-vfpv4d16-openbmc-linux-gnueabi/usr/include/]
  end of search list found
  collapse include dir [/home/keti/KETI_BMC/KETI-APP/sysroots/armv7ahf-vfpv4d16-openbmc-linux-gnueabi/usr/include/c++/11.2.0] ==> [/home/keti/KETI_BMC/KETI-APP/sysroots/armv7ahf-vfpv4d16-openbmc-linux-gnueabi/usr/include/c++/11.2.0]
  collapse include dir [/home/keti/KETI_BMC/KETI-APP/sysroots/armv7ahf-vfpv4d16-openbmc-linux-gnueabi/usr/include/c++/11.2.0/arm-openbmc-linux-gnueabi] ==> [/home/keti/KETI_BMC/KETI-APP/sysroots/armv7ahf-vfpv4d16-openbmc-linux-gnueabi/usr/include/c++/11.2.0/arm-openbmc-linux-gnueabi]
  collapse include dir [/home/keti/KETI_BMC/KETI-APP/sysroots/armv7ahf-vfpv4d16-openbmc-linux-gnueabi/usr/include/c++/11.2.0/backward] ==> [/home/keti/KETI_BMC/KETI-APP/sysroots/armv7ahf-vfpv4d16-openbmc-linux-gnueabi/usr/include/c++/11.2.0/backward]
  collapse include dir [/home/keti/KETI_BMC/KETI-APP/sysroots/x86_64-oesdk-linux/usr/lib/arm-openbmc-linux-gnueabi/gcc/arm-openbmc-linux-gnueabi/11.2.0/include] ==> [/home/keti/KETI_BMC/KETI-APP/sysroots/x86_64-oesdk-linux/usr/lib/arm-openbmc-linux-gnueabi/gcc/arm-openbmc-linux-gnueabi/11.2.0/include]
  collapse include dir [/home/keti/KETI_BMC/KETI-APP/sysroots/x86_64-oesdk-linux/usr/lib/arm-openbmc-linux-gnueabi/gcc/arm-openbmc-linux-gnueabi/11.2.0/include-fixed] ==> [/home/keti/KETI_BMC/KETI-APP/sysroots/x86_64-oesdk-linux/usr/lib/arm-openbmc-linux-gnueabi/gcc/arm-openbmc-linux-gnueabi/11.2.0/include-fixed]
  collapse include dir [/home/keti/KETI_BMC/KETI-APP/sysroots/armv7ahf-vfpv4d16-openbmc-linux-gnueabi/usr/include/] ==> [/home/keti/KETI_BMC/KETI-APP/sysroots/armv7ahf-vfpv4d16-openbmc-linux-gnueabi/usr/include]
  implicit include dirs: [/home/keti/KETI_BMC/KETI-APP/sysroots/armv7ahf-vfpv4d16-openbmc-linux-gnueabi/usr/include/c++/11.2.0;/home/keti/KETI_BMC/KETI-APP/sysroots/armv7ahf-vfpv4d16-openbmc-linux-gnueabi/usr/include/c++/11.2.0/arm-openbmc-linux-gnueabi;/home/keti/KETI_BMC/KETI-APP/sysroots/armv7ahf-vfpv4d16-openbmc-linux-gnueabi/usr/include/c++/11.2.0/backward;/home/keti/KETI_BMC/KETI-APP/sysroots/x86_64-oesdk-linux/usr/lib/arm-openbmc-linux-gnueabi/gcc/arm-openbmc-linux-gnueabi/11.2.0/include;/home/keti/KETI_BMC/KETI-APP/sysroots/x86_64-oesdk-linux/usr/lib/arm-openbmc-linux-gnueabi/gcc/arm-openbmc-linux-gnueabi/11.2.0/include-fixed;/home/keti/KETI_BMC/KETI-APP/sysroots/armv7ahf-vfpv4d16-openbmc-linux-gnueabi/usr/include]


Parsed CXX implicit link information from above output:
  link line regex: [^( *|.*[/\])(arm-openbmc-linux-gnueabi-ld|CMAKE_LINK_STARTFILE-NOTFOUND|([^/\]+-)?ld|collect2)[^/\]*( |$)]
  ignore line: [Change Dir: /home/keti/KETI_BMC/KETI-APP/app/energy/CMakeFiles/CMakeTmp]
  ignore line: []
  ignore line: [Run Build Command(s):/usr/bin/make -f Makefile cmTC_7357a/fast && /usr/bin/make  -f CMakeFiles/cmTC_7357a.dir/build.make CMakeFiles/cmTC_7357a.dir/build]
  ignore line: [make[1]: Entering directory '/home/keti/KETI_BMC/KETI-APP/app/energy/CMakeFiles/CMakeTmp']
  ignore line: [Building CXX object CMakeFiles/cmTC_7357a.dir/CMakeCXXCompilerABI.cpp.o]
  ignore line: [/home/keti/KETI_BMC/KETI-APP/sysroots/x86_64-oesdk-linux/usr/bin/arm-openbmc-linux-gnueabi/arm-openbmc-linux-gnueabi-g++   -march=armv7-a -mfpu=vfpv4-d16 -mfloat-abi=hard  --sysroot=/home/keti/KETI_BMC/KETI-APP/sysroots/armv7ahf-vfpv4d16-openbmc-linux-gnueabi --sysroot=/home/keti/KETI_BMC/KETI-APP/sysroots/armv7ahf-vfpv4d16-openbmc-linux-gnueabi   -O2 -pipe -g -feliminate-unused-debug-types     -v -o CMakeFiles/cmTC_7357a.dir/CMakeCXXCompilerABI.cpp.o -c /home/keti/KETI_BMC/KETI-APP/sysroots/x86_64-oesdk-linux/usr/share/cmake-3.21/Modules/CMakeCXXCompilerABI.cpp]
  ignore line: [Using built-in specs.]
  ignore line: [COLLECT_GCC=/home/keti/KETI_BMC/KETI-APP/sysroots/x86_64-oesdk-linux/usr/bin/arm-openbmc-linux-gnueabi/arm-openbmc-linux-gnueabi-g++]
  ignore line: [Target: arm-openbmc-linux-gnueabi]
  ignore line: [Configured with: ../../../../../../work-shared/gcc-11.2.0-r0/gcc-11.2.0/configure --build=x86_64-linux --host=x86_64-oesdk-linux --target=arm-openbmc-linux-gnueabi --prefix=/usr/local/oe-sdk-hardcoded-buildpath/sysroots/x86_64-oesdk-linux/usr --exec_prefix=/usr/local/oe-sdk-hardcoded-buildpath/sysroots/x86_64-oesdk-linux/usr --bindir=/usr/local/oe-sdk-hardcoded-buildpath/sysroots/x86_64-oesdk-linux/usr/bin/arm-openbmc-linux-gnueabi --sbindir=/usr/local/oe-sdk-hardcoded-buildpath/sysroots/x86_64-oesdk-linux/usr/bin/arm-openbmc-linux-gnueabi --libexecdir=/usr/local/oe-sdk-hardcoded-buildpath/sysroots/x86_64-oesdk-linux/usr/libexec/arm-openbmc-linux-gnueabi --datadir=/usr/local/oe-sdk-hardcoded-buildpath/sysroots/x86_64-oesdk-linux/usr/share --sysconfdir=/usr/local/oe-sdk-hardcoded-buildpath/sysroots/x86_64-oesdk-linux/etc --sharedstatedir=/usr/local/oe-sdk-hardcoded-buildpath/sysroots/x86_64-oesdk-linux/com --localstatedir=/usr/local/oe-sdk-hardcoded-buildpath/sysroots/x86_64-oesdk-linux/var --libdir=/usr/local/oe-sdk-hardcoded-buildpath/sysroots/x86_64-oesdk-linux/usr/lib/arm-openbmc-linux-gnueabi --includedir=/usr/local/oe-sdk-hardcoded-buildpath/sysroots/x86_64-oesdk-linux/usr/include --oldincludedir=/usr/local/oe-sdk-hardcoded-buildpath/sysroots/x86_64-oesdk-linux/usr/include --infodir=/usr/local/oe-sdk-hardcoded-buildpath/sysroots/x86_64-oesdk-linux/usr/share/info --mandir=/usr/local/oe-sdk-hardcoded-buildpath/sysroots/x86_64-oesdk-linux/usr/share/man --disable-silent-rules --disable-dependency-tracking --with-libtool-sysroot=/home/keti/ServerBMC_V3.01/build/archercity/tmp/work/x86_64-nativesdk-oesdk-linux/gcc-cross-canadian-arm/11.2.0-r0/recipe-sysroot --with-gnu-ld --enable-shared --enable-languages=c,c++ --enable-threads=posix --enable-multilib --enable-default-pie --enable-c99 --enable-long-long --enable-symvers=gnu --enable-libstdcxx-pch --program-prefix=arm-openbmc-linux-gnueabi- --without-local-prefix --disable-install-libiberty --disable-libssp --enable-libitm --enable-lto --disable-bootstrap --with-system-zlib --with-linker-hash-style=gnu --enable-linker-build-id --with-ppl=no --with-cloog=no --enable-checking=release --enable-cheaders=c_global --without-isl --with-gxx-include-dir=/not/exist/usr/include/c++/11.2.0 --with-build-time-tools=/home/keti/ServerBMC_V3.01/build/archercity/tmp/work/x86_64-nativesdk-oesdk-linux/gcc-cross-canadian-arm/11.2.0-r0/recipe-sysroot-native/usr/arm-openbmc-linux-gnueabi/bin --with-sysroot=/not/exist --with-build-sysroot=/home/keti/ServerBMC_V3.01/build/archercity/tmp/work/x86_64-nativesdk-oesdk-linux/gcc-cross-canadian-arm/11.2.0-r0/recipe-sysroot --enable-standard-branch-protection --enable-poison-system-directories --disable-static --enable-nls --with-glibc-version=2.28 --enable-initfini-array]
  ignore line: [Thread model: posix]
  ignore line: [Supported LTO compression algorithms: zlib]
  ignore line: [gcc version 11.2.0 (GCC) ]
  ignore line: [COLLECT_GCC_OPTIONS='--sysroot=/home/keti/KETI_BMC/KETI-APP/sysroots/armv7ahf-vfpv4d16-openbmc-linux-gnueabi'  '-mfpu=vfpv4-d16' '-mfloat-abi=hard' '-O2' '-pipe' '-g' '-feliminate-unused-debug-types' '-v' '-o' 'CMakeFiles/cmTC_7357a.dir/CMakeCXXCompilerABI.cpp.o' '-c' '-shared-libgcc' '-mtls-dialect=gnu' '-marm' '-mlibarch=armv7-a+vfpv4-d16' '-march=armv7-a+vfpv4-d16' '-dumpdir' 'CMakeFiles/cmTC_7357a.dir/']
  ignore line: [ /home/keti/KETI_BMC/KETI-APP/sysroots/x86_64-oesdk-linux/usr/libexec/arm-openbmc-linux-gnueabi/gcc/arm-openbmc-linux-gnueabi/11.2.0/cc1plus -quiet -v -isysroot /home/keti/KETI_BMC/KETI-APP/sysroots/armv7ahf-vfpv4d16-openbmc-linux-gnueabi -D_GNU_SOURCE /home/keti/KETI_BMC/KETI-APP/sysroots/x86_64-oesdk-linux/usr/share/cmake-3.21/Modules/CMakeCXXCompilerABI.cpp -quiet -dumpdir CMakeFiles/cmTC_7357a.dir/ -dumpbase CMakeCXXCompilerABI.cpp.cpp -dumpbase-ext .cpp -mfpu=vfpv4-d16 -mfloat-abi=hard -mtls-dialect=gnu -marm -mlibarch=armv7-a+vfpv4-d16 -march=armv7-a+vfpv4-d16 -g -O2 -version -feliminate-unused-debug-types -o - |]
  ignore line: [ /home/keti/KETI_BMC/KETI-APP/sysroots/x86_64-oesdk-linux/usr/libexec/arm-openbmc-linux-gnueabi/gcc/arm-openbmc-linux-gnueabi/11.2.0/as -v -march=armv7-a -mfloat-abi=hard -mfpu=vfpv4-d16 -meabi=5 -o CMakeFiles/cmTC_7357a.dir/CMakeCXXCompilerABI.cpp.o]
  ignore line: [GNU assembler version 2.37 (arm-openbmc-linux-gnueabi) using BFD version (GNU Binutils) 2.37.20210721]
  ignore line: [GNU C++17 (GCC) version 11.2.0 (arm-openbmc-linux-gnueabi)]
  ignore line: [	compiled by GNU C version 11.2.0  GMP version 6.2.1  MPFR version 4.1.0  MPC version 1.2.1  isl version none]
  ignore line: [GGC heuristics: --param ggc-min-expand=100 --param ggc-min-heapsize=131072]
  ignore line: [ignoring nonexistent directory "/home/keti/KETI_BMC/KETI-APP/sysroots/armv7ahf-vfpv4d16-openbmc-linux-gnueabi/usr/lib/arm-openbmc-linux-gnueabi/11.2.0/include"]
  ignore line: [ignoring nonexistent directory "/home/keti/KETI_BMC/KETI-APP/sysroots/armv7ahf-vfpv4d16-openbmc-linux-gnueabi/usr/local/include"]
  ignore line: [ignoring nonexistent directory "/home/keti/KETI_BMC/KETI-APP/sysroots/x86_64-oesdk-linux/usr/lib/arm-openbmc-linux-gnueabi/gcc/arm-openbmc-linux-gnueabi/11.2.0/../../../../../arm-openbmc-linux-gnueabi/include"]
  ignore line: [#include "..." search starts here:]
  ignore line: [#include <...> search starts here:]
  ignore line: [ /home/keti/KETI_BMC/KETI-APP/sysroots/armv7ahf-vfpv4d16-openbmc-linux-gnueabi/usr/include/c++/11.2.0]
  ignore line: [ /home/keti/KETI_BMC/KETI-APP/sysroots/armv7ahf-vfpv4d16-openbmc-linux-gnueabi/usr/include/c++/11.2.0/arm-openbmc-linux-gnueabi]
  ignore line: [ /home/keti/KETI_BMC/KETI-APP/sysroots/armv7ahf-vfpv4d16-openbmc-linux-gnueabi/usr/include/c++/11.2.0/backward]
  ignore line: [ /home/keti/KETI_BMC/KETI-APP/sysroots/x86_64-oesdk-linux/usr/lib/arm-openbmc-linux-gnueabi/gcc/arm-openbmc-linux-gnueabi/11.2.0/include]
  ignore line: [ /home/keti/KETI_BMC/KETI-APP/sysroots/x86_64-oesdk-linux/usr/lib/arm-openbmc-linux-gnueabi/gcc/arm-openbmc-linux-gnueabi/11.2.0/include-fixed]
  ignore line: [ /home/keti/KETI_BMC/KETI-APP/sysroots/armv7ahf-vfpv4d16-openbmc-linux-gnueabi/usr/include/]
  ignore line: [End of search list.]
  ignore line: [GNU C++17 (GCC) version 11.2.0 (arm-openbmc-linux-gnueabi)]
  ignore line: [	compiled by GNU C version 11.2.0  GMP version 6.2.1  MPFR version 4.1.0  MPC version 1.2.1  isl version none]
  ignore line: [GGC heuristics: --param ggc-min-expand=100 --param ggc-min-heapsize=131072]
  ignore line: [Compiler executable checksum: 4b43e12215f177bb37fdb430382f5fbc]
  ignore line: [COMPILER_PATH=/home/keti/KETI_BMC/KETI-APP/sysroots/x86_64-oesdk-linux/usr/libexec/arm-openbmc-linux-gnueabi/gcc/arm-openbmc-linux-gnueabi/11.2.0/:/home/keti/KETI_BMC/KETI-APP/sysroots/x86_64-oesdk-linux/usr/libexec/arm-openbmc-linux-gnueabi/gcc/arm-openbmc-linux-gnueabi/11.2.0/:/home/keti/KETI_BMC/KETI-APP/sysroots/x86_64-oesdk-linux/usr/libexec/arm-openbmc-linux-gnueabi/gcc/arm-openbmc-linux-gnueabi/:/home/keti/KETI_BMC/KETI-APP/sysroots/x86_64-oesdk-linux/usr/lib/arm-openbmc-linux-gnueabi/gcc/arm-openbmc-linux-gnueabi/11.2.0/:/home/keti/KETI_BMC/KETI-APP/sysroots/x86_64-oesdk-linux/usr/lib/arm-openbmc-linux-gnueabi/gcc/arm-openbmc-linux-gnueabi/]
  ignore line: [LIBRARY_PATH=/home/keti/KETI_BMC/KETI-APP/sysroots/x86_64-oesdk-linux/usr/lib/arm-openbmc-linux-gnueabi/gcc/arm-openbmc-linux-gnueabi/11.2.0/:/home/keti/KETI_BMC/KETI-APP/sysroots/armv7ahf-vfpv4d16-openbmc-linux-gnueabi/lib/:/home/keti/KETI_BMC/KETI-APP/sysroots/armv7ahf-vfpv4d16-openbmc-linux-gnueabi/usr/lib/arm-openbmc-linux-gnueabi/11.2.0/:/home/keti/KETI_BMC/KETI-APP/sysroots/armv7ahf-vfpv4d16-openbmc-linux-gnueabi/usr/lib/]
  ignore line: [COLLECT_GCC_OPTIONS='--sysroot=/home/keti/KETI_BMC/KETI-APP/sysroots/armv7ahf-vfpv4d16-openbmc-linux-gnueabi'  '-mfpu=vfpv4-d16' '-mfloat-abi=hard' '-O2' '-pipe' '-g' '-feliminate-unused-debug-types' '-v' '-o' 'CMakeFiles/cmTC_7357a.dir/CMakeCXXCompilerABI.cpp.o' '-c' '-shared-libgcc' '-mtls-dialect=gnu' '-marm' '-mlibarch=armv7-a+vfpv4-d16' '-march=armv7-a+vfpv4-d16' '-dumpdir' 'CMakeFiles/cmTC_7357a.dir/CMakeCXXCompilerABI.cpp.']
  ignore line: [Linking CXX executable cmTC_7357a]
  ignore line: [/home/keti/KETI_BMC/KETI-APP/sysroots/x86_64-oesdk-linux/usr/bin/cmake -E cmake_link_script CMakeFiles/cmTC_7357a.dir/link.txt --verbose=1]
  ignore line: [/home/keti/KETI_BMC/KETI-APP/sysroots/x86_64-oesdk-linux/usr/bin/arm-openbmc-linux-gnueabi/arm-openbmc-linux-gnueabi-g++   -march=armv7-a -mfpu=vfpv4-d16 -mfloat-abi=hard  --sysroot=/home/keti/KETI_BMC/KETI-APP/sysroots/armv7ahf-vfpv4d16-openbmc-linux-gnueabi --sysroot=/home/keti/KETI_BMC/KETI-APP/sysroots/armv7ahf-vfpv4d16-openbmc-linux-gnueabi  -O2 -pipe -g -feliminate-unused-debug-types   -Wl -O1 -Wl --hash-style=gnu -Wl --as-needed  -Wl -z relro -z now -v CMakeFiles/cmTC_7357a.dir/CMakeCXXCompilerABI.cpp.o -o cmTC_7357a ]
  ignore line: [Using built-in specs.]
  ignore line: [COLLECT_GCC=/home/keti/KETI_BMC/KETI-APP/sysroots/x86_64-oesdk-linux/usr/bin/arm-openbmc-linux-gnueabi/arm-openbmc-linux-gnueabi-g++]
  ignore line: [COLLECT_LTO_WRAPPER=/home/keti/KETI_BMC/KETI-APP/sysroots/x86_64-oesdk-linux/usr/libexec/arm-openbmc-linux-gnueabi/gcc/arm-openbmc-linux-gnueabi/11.2.0/lto-wrapper]
  ignore line: [Target: arm-openbmc-linux-gnueabi]
  ignore line: [Configured with: ../../../../../../work-shared/gcc-11.2.0-r0/gcc-11.2.0/configure --build=x86_64-linux --host=x86_64-oesdk-linux --target=arm-openbmc-linux-gnueabi --prefix=/usr/local/oe-sdk-hardcoded-buildpath/sysroots/x86_64-oesdk-linux/usr --exec_prefix=/usr/local/oe-sdk-hardcoded-buildpath/sysroots/x86_64-oesdk-linux/usr --bindir=/usr/local/oe-sdk-hardcoded-buildpath/sysroots/x86_64-oesdk-linux/usr/bin/arm-openbmc-linux-gnueabi --sbindir=/usr/local/oe-sdk-hardcoded-buildpath/sysroots/x86_64-oesdk-linux/usr/bin/arm-openbmc-linux-gnueabi --libexecdir=/usr/local/oe-sdk-hardcoded-buildpath/sysroots/x86_64-oesdk-linux/usr/libexec/arm-openbmc-linux-gnueabi --datadir=/usr/local/oe-sdk-hardcoded-buildpath/sysroots/x86_64-oesdk-linux/usr/share --sysconfdir=/usr/local/oe-sdk-hardcoded-buildpath/sysroots/x86_64-oesdk-linux/etc --sharedstatedir=/usr/local/oe-sdk-hardcoded-buildpath/sysroots/x86_64-oesdk-linux/com --localstatedir=/usr/local/oe-sdk-hardcoded-buildpath/sysroots/x86_64-oesdk-linux/var --libdir=/usr/local/oe-sdk-hardcoded-buildpath/sysroots/x86_64-oesdk-linux/usr/lib/arm-openbmc-linux-gnueabi --includedir=/usr/local/oe-sdk-hardcoded-buildpath/sysroots/x86_64-oesdk-linux/usr/include --oldincludedir=/usr/local/oe-sdk-hardcoded-buildpath/sysroots/x86_64-oesdk-linux/usr/include --infodir=/usr/local/oe-sdk-hardcoded-buildpath/sysroots/x86_64-oesdk-linux/usr/share/info --mandir=/usr/local/oe-sdk-hardcoded-buildpath/sysroots/x86_64-oesdk-linux/usr/share/man --disable-silent-rules --disable-dependency-tracking --with-libtool-sysroot=/home/keti/ServerBMC_V3.01/build/archercity/tmp/work/x86_64-nativesdk-oesdk-linux/gcc-cross-canadian-arm/11.2.0-r0/recipe-sysroot --with-gnu-ld --enable-shared --enable-languages=c,c++ --enable-threads=posix --enable-multilib --enable-default-pie --enable-c99 --enable-long-long --enable-symvers=gnu --enable-libstdcxx-pch --program-prefix=arm-openbmc-linux-gnueabi- --without-local-prefix --disable-install-libiberty --disable-libssp --enable-libitm --enable-lto --disable-bootstrap --with-system-zlib --with-linker-hash-style=gnu --enable-linker-build-id --with-ppl=no --with-cloog=no --enable-checking=release --enable-cheaders=c_global --without-isl --with-gxx-include-dir=/not/exist/usr/include/c++/11.2.0 --with-build-time-tools=/home/keti/ServerBMC_V3.01/build/archercity/tmp/work/x86_64-nativesdk-oesdk-linux/gcc-cross-canadian-arm/11.2.0-r0/recipe-sysroot-native/usr/arm-openbmc-linux-gnueabi/bin --with-sysroot=/not/exist --with-build-sysroot=/home/keti/ServerBMC_V3.01/build/archercity/tmp/work/x86_64-nativesdk-oesdk-linux/gcc-cross-canadian-arm/11.2.0-r0/recipe-sysroot --enable-standard-branch-protection --enable-poison-system-directories --disable-static --enable-nls --with-glibc-version=2.28 --enable-initfini-array]
  ignore line: [Thread model: posix]
  ignore line: [Supported LTO compression algorithms: zlib]
  ignore line: [gcc version 11.2.0 (GCC) ]
  ignore line: [COMPILER_PATH=/home/keti/KETI_BMC/KETI-APP/sysroots/x86_64-oesdk-linux/usr/libexec/arm-openbmc-linux-gnueabi/gcc/arm-openbmc-linux-gnueabi/11.2.0/:/home/keti/KETI_BMC/KETI-APP/sysroots/x86_64-oesdk-linux/usr/libexec/arm-openbmc-linux-gnueabi/gcc/arm-openbmc-linux-gnueabi/11.2.0/:/home/keti/KETI_BMC/KETI-APP/sysroots/x86_64-oesdk-linux/usr/libexec/arm-openbmc-linux-gnueabi/gcc/arm-openbmc-linux-gnueabi/:/home/keti/KETI_BMC/KETI-APP/sysroots/x86_64-oesdk-linux/usr/lib/arm-openbmc-linux-gnueabi/gcc/arm-openbmc-linux-gnueabi/11.2.0/:/home/keti/KETI_BMC/KETI-APP/sysroots/x86_64-oesdk-linux/usr/lib/arm-openbmc-linux-gnueabi/gcc/arm-openbmc-linux-gnueabi/]
  ignore line: [LIBRARY_PATH=/home/keti/KETI_BMC/KETI-APP/sysroots/x86_64-oesdk-linux/usr/lib/arm-openbmc-linux-gnueabi/gcc/arm-openbmc-linux-gnueabi/11.2.0/:/home/keti/KETI_BMC/KETI-APP/sysroots/armv7ahf-vfpv4d16-openbmc-linux-gnueabi/lib/:/home/keti/KETI_BMC/KETI-APP/sysroots/armv7ahf-vfpv4d16-openbmc-linux-gnueabi/usr/lib/arm-openbmc-linux-gnueabi/11.2.0/:/home/keti/KETI_BMC/KETI-APP/sysroots/armv7ahf-vfpv4d16-openbmc-linux-gnueabi/usr/lib/]
  ignore line: [COLLECT_GCC_OPTIONS='--sysroot=/home/keti/KETI_BMC/KETI-APP/sysroots/armv7ahf-vfpv4d16-openbmc-linux-gnueabi'  '-mfpu=vfpv4-d16' '-mfloat-abi=hard' '-O2' '-pipe' '-g' '-feliminate-unused-debug-types' '-v' '-o' 'cmTC_7357a' '-shared-libgcc' '-mtls-dialect=gnu' '-marm' '-mlibarch=armv7-a+vfpv4-d16' '-march=armv7-a+vfpv4-d16' '-dumpdir' 'cmTC_7357a.']
  link line: [ /home/keti/KETI_BMC/KETI-APP/sysroots/x86_64-oesdk-linux/usr/libexec/arm-openbmc-linux-gnueabi/gcc/arm-openbmc-linux-gnueabi/11.2.0/collect2 -plugin /home/keti/KETI_BMC/KETI-APP/sysroots/x86_64-oesdk-linux/usr/libexec/arm-openbmc-linux-gnueabi/gcc/arm-openbmc-linux-gnueabi/11.2.0/liblto_plugin.so -plugin-opt=/home/keti/KETI_BMC/KETI-APP/sysroots/x86_64-oesdk-linux/usr/libexec/arm-openbmc-linux-gnueabi/gcc/arm-openbmc-linux-gnueabi/11.2.0/lto-wrapper -plugin-opt=-fresolution=/tmp/ccUP5SCy.res -plugin-opt=-pass-through=-lgcc_s -plugin-opt=-pass-through=-lgcc -plugin-opt=-pass-through=-lc -plugin-opt=-pass-through=-lgcc_s -plugin-opt=-pass-through=-lgcc --sysroot=/home/keti/KETI_BMC/KETI-APP/sysroots/armv7ahf-vfpv4d16-openbmc-linux-gnueabi --build-id --eh-frame-hdr --hash-style=gnu -dynamic-linker /lib/ld-linux-armhf.so.3 -X -m armelf_linux_eabi -pie -o cmTC_7357a /home/keti/KETI_BMC/KETI-APP/sysroots/armv7ahf-vfpv4d16-openbmc-linux-gnueabi/usr/lib/Scrt1.o /home/keti/KETI_BMC/KETI-APP/sysroots/armv7ahf-vfpv4d16-openbmc-linux-gnueabi/usr/lib/crti.o /home/keti/KETI_BMC/KETI-APP/sysroots/armv7ahf-vfpv4d16-openbmc-linux-gnueabi/usr/lib/arm-openbmc-linux-gnueabi/11.2.0/crtbeginS.o -L/home/keti/KETI_BMC/KETI-APP/sysroots/x86_64-oesdk-linux/usr/lib/arm-openbmc-linux-gnueabi/gcc/arm-openbmc-linux-gnueabi/11.2.0 -L/home/keti/KETI_BMC/KETI-APP/sysroots/armv7ahf-vfpv4d16-openbmc-linux-gnueabi/lib -L/home/keti/KETI_BMC/KETI-APP/sysroots/armv7ahf-vfpv4d16-openbmc-linux-gnueabi/usr/lib/arm-openbmc-linux-gnueabi/11.2.0 -L/home/keti/KETI_BMC/KETI-APP/sysroots/armv7ahf-vfpv4d16-openbmc-linux-gnueabi/usr/lib -O1 --hash-style=gnu --as-needed -z relro -z now CMakeFiles/cmTC_7357a.dir/CMakeCXXCompilerABI.cpp.o -lstdc++ -lm -lgcc_s -lgcc -lc -lgcc_s -lgcc /home/keti/KETI_BMC/KETI-APP/sysroots/armv7ahf-vfpv4d16-openbmc-linux-gnueabi/usr/lib/arm-openbmc-linux-gnueabi/11.2.0/crtendS.o /home/keti/KETI_BMC/KETI-APP/sysroots/armv7ahf-vfpv4d16-openbmc-linux-gnueabi/usr/lib/crtn.o]
    arg [/home/keti/KETI_BMC/KETI-APP/sysroots/x86_64-oesdk-linux/usr/libexec/arm-openbmc-linux-gnueabi/gcc/arm-openbmc-linux-gnueabi/11.2.0/collect2] ==> ignore
    arg [-plugin] ==> ignore
    arg [/home/keti/KETI_BMC/KETI-APP/sysroots/x86_64-oesdk-linux/usr/libexec/arm-openbmc-linux-gnueabi/gcc/arm-openbmc-linux-gnueabi/11.2.0/liblto_plugin.so] ==> ignore
    arg [-plugin-opt=/home/keti/KETI_BMC/KETI-APP/sysroots/x86_64-oesdk-linux/usr/libexec/arm-openbmc-linux-gnueabi/gcc/arm-openbmc-linux-gnueabi/11.2.0/lto-wrapper] ==> ignore
    arg [-plugin-opt=-fresolution=/tmp/ccUP5SCy.res] ==> ignore
    arg [-plugin-opt=-pass-through=-lgcc_s] ==> ignore
    arg [-plugin-opt=-pass-through=-lgcc] ==> ignore
    arg [-plugin-opt=-pass-through=-lc] ==> ignore
    arg [-plugin-opt=-pass-through=-lgcc_s] ==> ignore
    arg [-plugin-opt=-pass-through=-lgcc] ==> ignore
    arg [--sysroot=/home/keti/KETI_BMC/KETI-APP/sysroots/armv7ahf-vfpv4d16-openbmc-linux-gnueabi] ==> ignore
    arg [--build-id] ==> ignore
    arg [--eh-frame-hdr] ==> ignore
    arg [--hash-style=gnu] ==> ignore
    arg [-dynamic-linker] ==> ignore
    arg [/lib/ld-linux-armhf.so.3] ==> ignore
    arg [-X] ==> ignore
    arg [-m] ==> ignore
    arg [armelf_linux_eabi] ==> ignore
    arg [-pie] ==> ignore
    arg [-o] ==> ignore
    arg [cmTC_7357a] ==> ignore
    arg [/home/keti/KETI_BMC/KETI-APP/sysroots/armv7ahf-vfpv4d16-openbmc-linux-gnueabi/usr/lib/Scrt1.o] ==> obj [/home/keti/KETI_BMC/KETI-APP/sysroots/armv7ahf-vfpv4d16-openbmc-linux-gnueabi/usr/lib/Scrt1.o]
    arg [/home/keti/KETI_BMC/KETI-APP/sysroots/armv7ahf-vfpv4d16-openbmc-linux-gnueabi/usr/lib/crti.o] ==> obj [/home/keti/KETI_BMC/KETI-APP/sysroots/armv7ahf-vfpv4d16-openbmc-linux-gnueabi/usr/lib/crti.o]
    arg [/home/keti/KETI_BMC/KETI-APP/sysroots/armv7ahf-vfpv4d16-openbmc-linux-gnueabi/usr/lib/arm-openbmc-linux-gnueabi/11.2.0/crtbeginS.o] ==> obj [/home/keti/KETI_BMC/KETI-APP/sysroots/armv7ahf-vfpv4d16-openbmc-linux-gnueabi/usr/lib/arm-openbmc-linux-gnueabi/11.2.0/crtbeginS.o]
    arg [-L/home/keti/KETI_BMC/KETI-APP/sysroots/x86_64-oesdk-linux/usr/lib/arm-openbmc-linux-gnueabi/gcc/arm-openbmc-linux-gnueabi/11.2.0] ==> dir [/home/keti/KETI_BMC/KETI-APP/sysroots/x86_64-oesdk-linux/usr/lib/arm-openbmc-linux-gnueabi/gcc/arm-openbmc-linux-gnueabi/11.2.0]
    arg [-L/home/keti/KETI_BMC/KETI-APP/sysroots/armv7ahf-vfpv4d16-openbmc-linux-gnueabi/lib] ==> dir [/home/keti/KETI_BMC/KETI-APP/sysroots/armv7ahf-vfpv4d16-openbmc-linux-gnueabi/lib]
    arg [-L/home/keti/KETI_BMC/KETI-APP/sysroots/armv7ahf-vfpv4d16-openbmc-linux-gnueabi/usr/lib/arm-openbmc-linux-gnueabi/11.2.0] ==> dir [/home/keti/KETI_BMC/KETI-APP/sysroots/armv7ahf-vfpv4d16-openbmc-linux-gnueabi/usr/lib/arm-openbmc-linux-gnueabi/11.2.0]
    arg [-L/home/keti/KETI_BMC/KETI-APP/sysroots/armv7ahf-vfpv4d16-openbmc-linux-gnueabi/usr/lib] ==> dir [/home/keti/KETI_BMC/KETI-APP/sysroots/armv7ahf-vfpv4d16-openbmc-linux-gnueabi/usr/lib]
    arg [-O1] ==> ignore
    arg [--hash-style=gnu] ==> ignore
    arg [--as-needed] ==> ignore
    arg [-zrelro] ==> ignore
    arg [-znow] ==> ignore
    arg [CMakeFiles/cmTC_7357a.dir/CMakeCXXCompilerABI.cpp.o] ==> ignore
    arg [-lstdc++] ==> lib [stdc++]
    arg [-lm] ==> lib [m]
    arg [-lgcc_s] ==> lib [gcc_s]
    arg [-lgcc] ==> lib [gcc]
    arg [-lc] ==> lib [c]
    arg [-lgcc_s] ==> lib [gcc_s]
    arg [-lgcc] ==> lib [gcc]
    arg [/home/keti/KETI_BMC/KETI-APP/sysroots/armv7ahf-vfpv4d16-openbmc-linux-gnueabi/usr/lib/arm-openbmc-linux-gnueabi/11.2.0/crtendS.o] ==> obj [/home/keti/KETI_BMC/KETI-APP/sysroots/armv7ahf-vfpv4d16-openbmc-linux-gnueabi/usr/lib/arm-openbmc-linux-gnueabi/11.2.0/crtendS.o]
    arg [/home/keti/KETI_BMC/KETI-APP/sysroots/armv7ahf-vfpv4d16-openbmc-linux-gnueabi/usr/lib/crtn.o] ==> obj [/home/keti/KETI_BMC/KETI-APP/sysroots/armv7ahf-vfpv4d16-openbmc-linux-gnueabi/usr/lib/crtn.o]
  collapse library dir [/home/keti/KETI_BMC/KETI-APP/sysroots/x86_64-oesdk-linux/usr/lib/arm-openbmc-linux-gnueabi/gcc/arm-openbmc-linux-gnueabi/11.2.0] ==> [/home/keti/KETI_BMC/KETI-APP/sysroots/x86_64-oesdk-linux/usr/lib/arm-openbmc-linux-gnueabi/gcc/arm-openbmc-linux-gnueabi/11.2.0]
  collapse library dir [/home/keti/KETI_BMC/KETI-APP/sysroots/armv7ahf-vfpv4d16-openbmc-linux-gnueabi/lib] ==> [/home/keti/KETI_BMC/KETI-APP/sysroots/armv7ahf-vfpv4d16-openbmc-linux-gnueabi/lib]
  collapse library dir [/home/keti/KETI_BMC/KETI-APP/sysroots/armv7ahf-vfpv4d16-openbmc-linux-gnueabi/usr/lib/arm-openbmc-linux-gnueabi/11.2.0] ==> [/home/keti/KETI_BMC/KETI-APP/sysroots/armv7ahf-vfpv4d16-openbmc-linux-gnueabi/usr/lib/arm-openbmc-linux-gnueabi/11.2.0]
  collapse library dir [/home/keti/KETI_BMC/KETI-APP/sysroots/armv7ahf-vfpv4d16-openbmc-linux-gnueabi/usr/lib] ==> [/home/keti/KETI_BMC/KETI-APP/sysroots/armv7ahf-vfpv4d16-openbmc-linux-gnueabi/usr/lib]
  implicit libs: [stdc++;m;gcc_s;gcc;c;gcc_s;gcc]
  implicit objs: [/home/keti/KETI_BMC/KETI-APP/sysroots/armv7ahf-vfpv4d16-openbmc-linux-gnueabi/usr/lib/Scrt1.o;/home/keti/KETI_BMC/KETI-APP/sysroots/armv7ahf-vfpv4d16-openbmc-linux-gnueabi/usr/lib/crti.o;/home/keti/KETI_BMC/KETI-APP/sysroots/armv7ahf-vfpv4d16-openbmc-linux-gnueabi/usr/lib/arm-openbmc-linux-gnueabi/11.2.0/crtbeginS.o;/home/keti/KETI_BMC/KETI-APP/sysroots/armv7ahf-vfpv4d16-openbmc-linux-gnueabi/usr/lib/arm-openbmc-linux-gnueabi/11.2.0/crtendS.o;/home/keti/KETI_BMC/KETI-APP/sysroots/armv7ahf-vfpv4d16-openbmc-linux-gnueabi/usr/lib/crtn.o]
  implicit dirs: [/home/keti/KETI_BMC/KETI-APP/sysroots/x86_64-oesdk-linux/usr/lib/arm-openbmc-linux-gnueabi/gcc/arm-openbmc-linux-gnueabi/11.2.0;/home/keti/KETI_BMC/KETI-APP/sysroots/armv7ahf-vfpv4d16-openbmc-linux-gnueabi/lib;/home/keti/KETI_BMC/KETI-APP/sysroots/armv7ahf-vfpv4d16-openbmc-linux-gnueabi/usr/lib/arm-openbmc-linux-gnueabi/11.2.0;/home/keti/KETI_BMC/KETI-APP/sysroots/armv7ahf-vfpv4d16-openbmc-linux-gnueabi/usr/lib]
  implicit fwks: []


